<?xml version="1.0" encoding="UTF-8"?>
<!-- Generated by org.testng.reporters.JUnitReportReporter -->
<testsuite hostname="DESKTOP-0Q422M0" failures="0" tests="1" name="com.inetbanking.testCases.LoginTest" time="2.257" errors="0" timestamp="09 Apr 2022 09:48:36 GMT" skipped="0">
  <testcase classname="com.inetbanking.testCases.LoginTest" name="LoginTest" time="2.257"/>
</testsuite> <!-- com.inetbanking.testCases.LoginTest -->
